[07/30/2016 08:14:10]: => Error with ConvertFromPDF
[07/30/2016 08:14:11]: => Exception
[07/30/2016 08:14:12]: => There was no endpoint listening at net.pipe://localhost/DocConverter/IConversionService/NPEP that could accept the message. This is often caused by an incorrect address or SOAP action. See InnerException, if present, for more details.
[07/30/2016 08:14:14]: => DocConverter.RunConvertFileRequest
[07/30/2016 08:14:18]: => 
Server stack trace: 
   at System.ServiceModel.Channels.PipeConnectionInitiator.GetPipeName(Uri uri, IPipeTransportFactorySettings transportFactorySettings)
   at System.ServiceModel.Channels.NamedPipeConnectionPoolRegistry.NamedPipeConnectionPool.GetPoolKey(EndpointAddress address, Uri via)
   at System.ServiceModel.Channels.CommunicationPool`2.TakeConnection(EndpointAddress address, Uri via, TimeSpan timeout, TKey& key)
   at System.ServiceModel.Channels.ConnectionPoolHelper.EstablishConnection(TimeSpan timeout)
   at System.ServiceModel.Channels.ClientFramingDuplexSessionChannel.OnOpen(TimeSpan timeout)
   at System.ServiceModel.Channels.CommunicationObject.Open(TimeSpan timeout)
   at System.ServiceModel.Channels.ServiceChannel.OnOpen(TimeSpan timeout)
   at System.ServiceModel.Channels.CommunicationObject.Open(TimeSpan timeout)
   at System.ServiceModel.Channels.ServiceChannel.CallOpenOnce.System.ServiceModel.Channels.ServiceChannel.ICallOnce.Call(ServiceChannel channel, TimeSpan timeout)
   at System.ServiceModel.Channels.ServiceChannel.CallOnceManager.CallOnce(TimeSpan timeout, CallOnceManager cascade)
   at System.ServiceModel.Channels.ServiceChannel.EnsureOpened(TimeSpan timeout)
   at System.ServiceModel.Channels.ServiceChannel.Call(String action, Boolean oneway, ProxyOperationRuntime operation, Object[] ins, Object[] outs, TimeSpan timeout)
   at System.ServiceModel.Channels.ServiceChannelProxy.InvokeService(IMethodCallMessage methodCall, ProxyOperationRuntime operation)
   at System.ServiceModel.Channels.ServiceChannelProxy.Invoke(IMessage message)

Exception rethrown at [0]: 
   at System.Runtime.Remoting.Proxies.RealProxy.HandleReturnMessage(IMessage reqMsg, IMessage retMsg)
   at System.Runtime.Remoting.Proxies.RealProxy.PrivateInvoke(MessageData& msgData, Int32 type)
   at DCDK.WCF.IConversionService.ConvertFile(String xapl)
   at APDocConverter.DocConverter.#Wdc(String )
[07/30/2016 08:19:40]: => Done!
